<?xml version="1.0" encoding="UTF-8"?>
<!-- Generated by org.testng.reporters.JUnitReportReporter -->
<testsuite hostname="DESKTOP-UMQHIUK" failures="0" tests="1" name="com.test.testng.testcalc" time="0.039" errors="0" timestamp="2024-01-27T22:36:55 IST" skipped="0">
  <testcase classname="com.test.testng.testcalc" name="CalcTest" time="0.039"/>
</testsuite> <!-- com.test.testng.testcalc -->
